2020-02-27 14:54:16.427  INFO [mall-server,,,] 1684 --- [main] com.lxjy.mall.MallSpringApplicationTest  : The following profiles are active: druid,mybatisplus,consul
2020-02-27 14:54:17.953  WARN [mall-server,,,] 1684 --- [main] o.s.boot.actuate.endpoint.EndpointId     : Endpoint ID 'service-registry' contains invalid characters, please migrate to a valid format.
2020-02-27 14:54:18.085  WARN [mall-server,,,] 1684 --- [main] o.s.boot.actuate.endpoint.EndpointId     : Endpoint ID 'hystrix.stream' contains invalid characters, please migrate to a valid format.
2020-02-27 14:54:18.590  INFO [mall-server,,,] 1684 --- [main] o.s.cloud.context.scope.GenericScope     : BeanFactory id=c8f88243-f2fd-3d95-9a29-8ff8ec32dbe9
2020-02-27 14:54:19.169  INFO [mall-server,,,] 1684 --- [main] trationDelegate$BeanPostProcessorChecker : Bean 'org.springframework.transaction.annotation.ProxyTransactionManagementConfiguration' of type [org.springframework.transaction.annotation.ProxyTransactionManagementConfiguration$$EnhancerBySpringCGLIB$$b06fc3f7] is not eligible for getting processed by all BeanPostProcessors (for example: not eligible for auto-proxying)
2020-02-27 14:54:19.253  INFO [mall-server,,,] 1684 --- [main] trationDelegate$BeanPostProcessorChecker : Bean 'org.springframework.cloud.autoconfigure.ConfigurationPropertiesRebinderAutoConfiguration' of type [org.springframework.cloud.autoconfigure.ConfigurationPropertiesRebinderAutoConfiguration$$EnhancerBySpringCGLIB$$cc89c6f4] is not eligible for getting processed by all BeanPostProcessors (for example: not eligible for auto-proxying)
2020-02-27 14:54:19.520  INFO [mall-server,,,] 1684 --- [main] c.a.d.s.b.a.DruidDataSourceAutoConfigure : Init DruidDataSource
2020-02-27 14:54:20.063  WARN [mall-server,,,] 1684 --- [main] com.alibaba.druid.pool.DruidDataSource   : removeAbandoned is true, not use in production.
2020-02-27 14:54:20.408  INFO [mall-server,,,] 1684 --- [main] com.alibaba.druid.pool.DruidDataSource   : {dataSource-1} inited
2020-02-27 14:54:24.090 DEBUG [mall-server,,,] 1684 --- [main] c.l.m.m.CsmdSystemMapper.selectList      : ==>  Preparing: SELECT id,key_name,key_value,add_time,update_time,deleted FROM csmd_system WHERE deleted=0 
2020-02-27 14:54:24.315 DEBUG [mall-server,,,] 1684 --- [main] c.l.m.m.CsmdSystemMapper.selectList      : ==> Parameters: 
2020-02-27 14:54:24.356 DEBUG [mall-server,,,] 1684 --- [main] c.l.m.m.CsmdSystemMapper.selectList      : <==      Total: 15
2020-02-27 14:54:25.136  WARN [mall-server,,,] 1684 --- [main] c.n.c.sources.URLConfigurationSource     : No URLs will be polled as dynamic configuration sources.
2020-02-27 14:54:25.136  INFO [mall-server,,,] 1684 --- [main] c.n.c.sources.URLConfigurationSource     : To enable URLs as dynamic configuration sources, define System property archaius.configurationSource.additionalUrls or make config.properties available on classpath.
2020-02-27 14:54:25.154  WARN [mall-server,,,] 1684 --- [main] c.n.c.sources.URLConfigurationSource     : No URLs will be polled as dynamic configuration sources.
2020-02-27 14:54:25.154  INFO [mall-server,,,] 1684 --- [main] c.n.c.sources.URLConfigurationSource     : To enable URLs as dynamic configuration sources, define System property archaius.configurationSource.additionalUrls or make config.properties available on classpath.
2020-02-27 14:54:26.346  INFO [mall-server,,,] 1684 --- [main] o.s.s.concurrent.ThreadPoolTaskExecutor  : Initializing ExecutorService 'applicationTaskExecutor'
2020-02-27 14:54:30.403  INFO [mall-server,,,] 1684 --- [main] o.s.s.c.ThreadPoolTaskScheduler          : Initializing ExecutorService 'catalogWatchTaskScheduler'
2020-02-27 14:54:30.605  INFO [mall-server,,,] 1684 --- [main] o.s.b.a.e.web.EndpointLinksResolver      : Exposing 22 endpoint(s) beneath base path '/actuator'
2020-02-27 14:54:30.783  INFO [mall-server,,,] 1684 --- [main] com.lxjy.mall.MallSpringApplicationTest  : Started MallSpringApplicationTest in 15.782 seconds (JVM running for 17.468)
2020-02-27 14:54:31.188 DEBUG [mall-server,,,] 1684 --- [main] c.l.m.m.CmsdAccountMapper.selectPage     : ==>  Preparing: SELECT COUNT(1) FROM cmsd_account 
2020-02-27 14:54:31.191 DEBUG [mall-server,,,] 1684 --- [main] c.l.m.m.CmsdAccountMapper.selectPage     : ==> Parameters: 
2020-02-27 14:54:31.239  INFO [mall-server,,,] 1684 --- [Thread-6] o.s.s.c.ThreadPoolTaskScheduler          : Shutting down ExecutorService 'catalogWatchTaskScheduler'
2020-02-27 14:54:32.095  WARN [mall-server,,,] 1684 --- [AsyncReporter{org.springframework.cloud.sleuth.zipkin2.sender.RestTemplateSender@29811d4d}] s.c.a.AnnotationConfigApplicationContext : Exception encountered during context initialization - cancelling refresh attempt: org.springframework.beans.factory.UnsatisfiedDependencyException: Error creating bean with name 'httpClient' defined in org.springframework.cloud.netflix.ribbon.apache.HttpClientRibbonConfiguration$ApacheHttpClientConfiguration: Unsatisfied dependency expressed through method 'httpClient' parameter 0; nested exception is org.springframework.beans.factory.BeanCreationNotAllowedException: Error creating bean with name 'apacheHttpClientFactory': Singleton bean creation not allowed while singletons of this factory are in destruction (Do not request a bean from a BeanFactory in a destroy method implementation!)
2020-02-27 14:54:32.101  INFO [mall-server,,,] 1684 --- [Thread-6] o.s.s.concurrent.ThreadPoolTaskExecutor  : Shutting down ExecutorService 'applicationTaskExecutor'
2020-02-27 14:54:32.124  INFO [mall-server,,,] 1684 --- [Thread-6] com.alibaba.druid.pool.DruidDataSource   : {dataSource-1} closing ...
2020-02-27 14:54:32.128  INFO [mall-server,,,] 1684 --- [Thread-6] com.alibaba.druid.pool.DruidDataSource   : {dataSource-1} closed
2020-02-27 15:25:14.839  INFO [mall-server,,,] 16104 --- [main] com.lxjy.mall.MallSpringApplicationTest  : The following profiles are active: druid,mybatisplus,consul
2020-02-27 15:25:16.871  WARN [mall-server,,,] 16104 --- [main] o.s.boot.actuate.endpoint.EndpointId     : Endpoint ID 'service-registry' contains invalid characters, please migrate to a valid format.
2020-02-27 15:25:16.976  WARN [mall-server,,,] 16104 --- [main] o.s.boot.actuate.endpoint.EndpointId     : Endpoint ID 'hystrix.stream' contains invalid characters, please migrate to a valid format.
2020-02-27 15:25:17.591  INFO [mall-server,,,] 16104 --- [main] o.s.cloud.context.scope.GenericScope     : BeanFactory id=7e67f83f-f34e-334b-995c-979ec80f8f54
2020-02-27 15:25:18.142  INFO [mall-server,,,] 16104 --- [main] trationDelegate$BeanPostProcessorChecker : Bean 'org.springframework.transaction.annotation.ProxyTransactionManagementConfiguration' of type [org.springframework.transaction.annotation.ProxyTransactionManagementConfiguration$$EnhancerBySpringCGLIB$$3c6ed1ee] is not eligible for getting processed by all BeanPostProcessors (for example: not eligible for auto-proxying)
2020-02-27 15:25:18.212  INFO [mall-server,,,] 16104 --- [main] trationDelegate$BeanPostProcessorChecker : Bean 'org.springframework.cloud.autoconfigure.ConfigurationPropertiesRebinderAutoConfiguration' of type [org.springframework.cloud.autoconfigure.ConfigurationPropertiesRebinderAutoConfiguration$$EnhancerBySpringCGLIB$$5888d4eb] is not eligible for getting processed by all BeanPostProcessors (for example: not eligible for auto-proxying)
2020-02-27 15:25:18.453  INFO [mall-server,,,] 16104 --- [main] c.a.d.s.b.a.DruidDataSourceAutoConfigure : Init DruidDataSource
2020-02-27 15:25:18.767  WARN [mall-server,,,] 16104 --- [main] com.alibaba.druid.pool.DruidDataSource   : removeAbandoned is true, not use in production.
2020-02-27 15:25:18.995  INFO [mall-server,,,] 16104 --- [main] com.alibaba.druid.pool.DruidDataSource   : {dataSource-1} inited
2020-02-27 15:25:22.378 DEBUG [mall-server,,,] 16104 --- [main] c.l.m.m.CsmdSystemMapper.selectList      : ==>  Preparing: SELECT id,key_name,key_value,add_time,update_time,deleted FROM csmd_system WHERE deleted=0 
2020-02-27 15:25:22.566 DEBUG [mall-server,,,] 16104 --- [main] c.l.m.m.CsmdSystemMapper.selectList      : ==> Parameters: 
2020-02-27 15:25:22.606 DEBUG [mall-server,,,] 16104 --- [main] c.l.m.m.CsmdSystemMapper.selectList      : <==      Total: 15
2020-02-27 15:25:23.465  WARN [mall-server,,,] 16104 --- [main] c.n.c.sources.URLConfigurationSource     : No URLs will be polled as dynamic configuration sources.
2020-02-27 15:25:23.466  INFO [mall-server,,,] 16104 --- [main] c.n.c.sources.URLConfigurationSource     : To enable URLs as dynamic configuration sources, define System property archaius.configurationSource.additionalUrls or make config.properties available on classpath.
2020-02-27 15:25:23.478  WARN [mall-server,,,] 16104 --- [main] c.n.c.sources.URLConfigurationSource     : No URLs will be polled as dynamic configuration sources.
2020-02-27 15:25:23.478  INFO [mall-server,,,] 16104 --- [main] c.n.c.sources.URLConfigurationSource     : To enable URLs as dynamic configuration sources, define System property archaius.configurationSource.additionalUrls or make config.properties available on classpath.
2020-02-27 15:25:24.445  INFO [mall-server,,,] 16104 --- [main] o.s.s.concurrent.ThreadPoolTaskExecutor  : Initializing ExecutorService 'applicationTaskExecutor'
2020-02-27 15:25:28.488  INFO [mall-server,,,] 16104 --- [main] o.s.s.c.ThreadPoolTaskScheduler          : Initializing ExecutorService 'catalogWatchTaskScheduler'
2020-02-27 15:25:28.806  INFO [mall-server,,,] 16104 --- [main] o.s.b.a.e.web.EndpointLinksResolver      : Exposing 22 endpoint(s) beneath base path '/actuator'
2020-02-27 15:25:29.053  INFO [mall-server,,,] 16104 --- [main] com.lxjy.mall.MallSpringApplicationTest  : Started MallSpringApplicationTest in 15.711 seconds (JVM running for 16.755)
2020-02-27 15:25:29.386 DEBUG [mall-server,,,] 16104 --- [main] c.l.m.mapper.CsmdBrandMapper.selectPage  : ==>  Preparing: SELECT COUNT(1) FROM ( SELECT id,name,desc,pic_url,sort_order,floor_price,add_time,update_time,share_url,admin_id,deleted,commpany,auto_update_good,shop_url,default_category_id,default_pages,add_precent FROM csmd_brand WHERE deleted=0 ) TOTAL 
2020-02-27 15:25:29.391 DEBUG [mall-server,,,] 16104 --- [main] c.l.m.mapper.CsmdBrandMapper.selectPage  : ==> Parameters: 
2020-02-27 15:25:29.428  INFO [mall-server,,,] 16104 --- [Thread-6] o.s.s.c.ThreadPoolTaskScheduler          : Shutting down ExecutorService 'catalogWatchTaskScheduler'
2020-02-27 15:25:30.245  WARN [mall-server,,,] 16104 --- [AsyncReporter{org.springframework.cloud.sleuth.zipkin2.sender.RestTemplateSender@67b2c8bb}] s.c.a.AnnotationConfigApplicationContext : Exception encountered during context initialization - cancelling refresh attempt: org.springframework.beans.factory.UnsatisfiedDependencyException: Error creating bean with name 'httpClient' defined in org.springframework.cloud.netflix.ribbon.apache.HttpClientRibbonConfiguration$ApacheHttpClientConfiguration: Unsatisfied dependency expressed through method 'httpClient' parameter 0; nested exception is org.springframework.beans.factory.BeanCreationNotAllowedException: Error creating bean with name 'apacheHttpClientFactory': Singleton bean creation not allowed while singletons of this factory are in destruction (Do not request a bean from a BeanFactory in a destroy method implementation!)
2020-02-27 15:25:30.249  INFO [mall-server,,,] 16104 --- [Thread-6] o.s.s.concurrent.ThreadPoolTaskExecutor  : Shutting down ExecutorService 'applicationTaskExecutor'
2020-02-27 15:25:30.275  INFO [mall-server,,,] 16104 --- [Thread-6] com.alibaba.druid.pool.DruidDataSource   : {dataSource-1} closing ...
2020-02-27 15:25:30.280  INFO [mall-server,,,] 16104 --- [Thread-6] com.alibaba.druid.pool.DruidDataSource   : {dataSource-1} closed
2020-02-27 15:31:35.544  INFO [mall-server,,,] 15408 --- [main] com.lxjy.mall.MallSpringApplicationTest  : The following profiles are active: druid,mybatisplus,consul
2020-02-27 15:31:36.797  WARN [mall-server,,,] 15408 --- [main] o.s.boot.actuate.endpoint.EndpointId     : Endpoint ID 'service-registry' contains invalid characters, please migrate to a valid format.
2020-02-27 15:31:36.910  WARN [mall-server,,,] 15408 --- [main] o.s.boot.actuate.endpoint.EndpointId     : Endpoint ID 'hystrix.stream' contains invalid characters, please migrate to a valid format.
2020-02-27 15:31:37.492  INFO [mall-server,,,] 15408 --- [main] o.s.cloud.context.scope.GenericScope     : BeanFactory id=7e67f83f-f34e-334b-995c-979ec80f8f54
2020-02-27 15:31:38.118  INFO [mall-server,,,] 15408 --- [main] trationDelegate$BeanPostProcessorChecker : Bean 'org.springframework.transaction.annotation.ProxyTransactionManagementConfiguration' of type [org.springframework.transaction.annotation.ProxyTransactionManagementConfiguration$$EnhancerBySpringCGLIB$$e428de29] is not eligible for getting processed by all BeanPostProcessors (for example: not eligible for auto-proxying)
2020-02-27 15:31:38.196  INFO [mall-server,,,] 15408 --- [main] trationDelegate$BeanPostProcessorChecker : Bean 'org.springframework.cloud.autoconfigure.ConfigurationPropertiesRebinderAutoConfiguration' of type [org.springframework.cloud.autoconfigure.ConfigurationPropertiesRebinderAutoConfiguration$$EnhancerBySpringCGLIB$$42e126] is not eligible for getting processed by all BeanPostProcessors (for example: not eligible for auto-proxying)
2020-02-27 15:31:38.431  INFO [mall-server,,,] 15408 --- [main] c.a.d.s.b.a.DruidDataSourceAutoConfigure : Init DruidDataSource
2020-02-27 15:31:38.760  WARN [mall-server,,,] 15408 --- [main] com.alibaba.druid.pool.DruidDataSource   : removeAbandoned is true, not use in production.
2020-02-27 15:31:38.955  INFO [mall-server,,,] 15408 --- [main] com.alibaba.druid.pool.DruidDataSource   : {dataSource-1} inited
2020-02-27 15:31:42.134 DEBUG [mall-server,,,] 15408 --- [main] c.l.m.m.CsmdSystemMapper.selectList      : ==>  Preparing: SELECT id,key_name,key_value,add_time,update_time,deleted FROM csmd_system WHERE deleted=0 
2020-02-27 15:31:42.334 DEBUG [mall-server,,,] 15408 --- [main] c.l.m.m.CsmdSystemMapper.selectList      : ==> Parameters: 
2020-02-27 15:31:42.381 DEBUG [mall-server,,,] 15408 --- [main] c.l.m.m.CsmdSystemMapper.selectList      : <==      Total: 15
2020-02-27 15:31:43.292  WARN [mall-server,,,] 15408 --- [main] c.n.c.sources.URLConfigurationSource     : No URLs will be polled as dynamic configuration sources.
2020-02-27 15:31:43.292  INFO [mall-server,,,] 15408 --- [main] c.n.c.sources.URLConfigurationSource     : To enable URLs as dynamic configuration sources, define System property archaius.configurationSource.additionalUrls or make config.properties available on classpath.
2020-02-27 15:31:43.303  WARN [mall-server,,,] 15408 --- [main] c.n.c.sources.URLConfigurationSource     : No URLs will be polled as dynamic configuration sources.
2020-02-27 15:31:43.304  INFO [mall-server,,,] 15408 --- [main] c.n.c.sources.URLConfigurationSource     : To enable URLs as dynamic configuration sources, define System property archaius.configurationSource.additionalUrls or make config.properties available on classpath.
2020-02-27 15:31:44.213  INFO [mall-server,,,] 15408 --- [main] o.s.s.concurrent.ThreadPoolTaskExecutor  : Initializing ExecutorService 'applicationTaskExecutor'
2020-02-27 15:31:48.132  INFO [mall-server,,,] 15408 --- [main] o.s.s.c.ThreadPoolTaskScheduler          : Initializing ExecutorService 'catalogWatchTaskScheduler'
2020-02-27 15:31:48.395  INFO [mall-server,,,] 15408 --- [main] o.s.b.a.e.web.EndpointLinksResolver      : Exposing 22 endpoint(s) beneath base path '/actuator'
2020-02-27 15:31:48.658  INFO [mall-server,,,] 15408 --- [main] com.lxjy.mall.MallSpringApplicationTest  : Started MallSpringApplicationTest in 14.752 seconds (JVM running for 15.874)
2020-02-27 15:31:49.074 DEBUG [mall-server,,,] 15408 --- [main] c.l.m.mapper.CsmdBrandMapper.selectPage  : ==>  Preparing: SELECT COUNT(1) FROM ( SELECT id,name,desc,pic_url,sort_order,floor_price,add_time,update_time,share_url,admin_id,deleted,commpany,auto_update_good,shop_url,default_category_id,default_pages,add_precent FROM csmd_brand WHERE deleted=0 AND (deleted = ?) ) TOTAL 
2020-02-27 15:31:49.081 DEBUG [mall-server,,,] 15408 --- [main] c.l.m.mapper.CsmdBrandMapper.selectPage  : ==> Parameters: false(Boolean)
2020-02-27 15:31:49.121  INFO [mall-server,,,] 15408 --- [Thread-6] o.s.s.c.ThreadPoolTaskScheduler          : Shutting down ExecutorService 'catalogWatchTaskScheduler'
2020-02-27 15:31:49.865  WARN [mall-server,,,] 15408 --- [AsyncReporter{org.springframework.cloud.sleuth.zipkin2.sender.RestTemplateSender@2709e075}] s.c.a.AnnotationConfigApplicationContext : Exception encountered during context initialization - cancelling refresh attempt: org.springframework.beans.factory.UnsatisfiedDependencyException: Error creating bean with name 'httpClient' defined in org.springframework.cloud.netflix.ribbon.apache.HttpClientRibbonConfiguration$ApacheHttpClientConfiguration: Unsatisfied dependency expressed through method 'httpClient' parameter 0; nested exception is org.springframework.beans.factory.BeanCreationNotAllowedException: Error creating bean with name 'apacheHttpClientFactory': Singleton bean creation not allowed while singletons of this factory are in destruction (Do not request a bean from a BeanFactory in a destroy method implementation!)
2020-02-27 15:31:49.869  INFO [mall-server,,,] 15408 --- [Thread-6] o.s.s.concurrent.ThreadPoolTaskExecutor  : Shutting down ExecutorService 'applicationTaskExecutor'
2020-02-27 15:31:49.889  INFO [mall-server,,,] 15408 --- [Thread-6] com.alibaba.druid.pool.DruidDataSource   : {dataSource-1} closing ...
2020-02-27 15:31:49.894  INFO [mall-server,,,] 15408 --- [Thread-6] com.alibaba.druid.pool.DruidDataSource   : {dataSource-1} closed
2020-02-27 15:35:56.832  INFO [mall-server,,,] 15208 --- [main] com.lxjy.mall.MallSpringApplicationTest  : The following profiles are active: druid,mybatisplus,consul
2020-02-27 15:35:58.171  WARN [mall-server,,,] 15208 --- [main] o.s.boot.actuate.endpoint.EndpointId     : Endpoint ID 'service-registry' contains invalid characters, please migrate to a valid format.
2020-02-27 15:35:58.295  WARN [mall-server,,,] 15208 --- [main] o.s.boot.actuate.endpoint.EndpointId     : Endpoint ID 'hystrix.stream' contains invalid characters, please migrate to a valid format.
2020-02-27 15:35:58.765  INFO [mall-server,,,] 15208 --- [main] o.s.cloud.context.scope.GenericScope     : BeanFactory id=7e67f83f-f34e-334b-995c-979ec80f8f54
2020-02-27 15:35:59.308  INFO [mall-server,,,] 15208 --- [main] trationDelegate$BeanPostProcessorChecker : Bean 'org.springframework.transaction.annotation.ProxyTransactionManagementConfiguration' of type [org.springframework.transaction.annotation.ProxyTransactionManagementConfiguration$$EnhancerBySpringCGLIB$$f7ea45fc] is not eligible for getting processed by all BeanPostProcessors (for example: not eligible for auto-proxying)
2020-02-27 15:35:59.387  INFO [mall-server,,,] 15208 --- [main] trationDelegate$BeanPostProcessorChecker : Bean 'org.springframework.cloud.autoconfigure.ConfigurationPropertiesRebinderAutoConfiguration' of type [org.springframework.cloud.autoconfigure.ConfigurationPropertiesRebinderAutoConfiguration$$EnhancerBySpringCGLIB$$140448f9] is not eligible for getting processed by all BeanPostProcessors (for example: not eligible for auto-proxying)
2020-02-27 15:35:59.641  INFO [mall-server,,,] 15208 --- [main] c.a.d.s.b.a.DruidDataSourceAutoConfigure : Init DruidDataSource
2020-02-27 15:35:59.970  WARN [mall-server,,,] 15208 --- [main] com.alibaba.druid.pool.DruidDataSource   : removeAbandoned is true, not use in production.
2020-02-27 15:36:00.223  INFO [mall-server,,,] 15208 --- [main] com.alibaba.druid.pool.DruidDataSource   : {dataSource-1} inited
2020-02-27 15:36:04.367 DEBUG [mall-server,,,] 15208 --- [main] c.l.m.m.CsmdSystemMapper.selectList      : ==>  Preparing: SELECT id,key_name,key_value,add_time,update_time,deleted FROM csmd_system WHERE deleted=0 
2020-02-27 15:36:04.573 DEBUG [mall-server,,,] 15208 --- [main] c.l.m.m.CsmdSystemMapper.selectList      : ==> Parameters: 
2020-02-27 15:36:04.611 DEBUG [mall-server,,,] 15208 --- [main] c.l.m.m.CsmdSystemMapper.selectList      : <==      Total: 15
2020-02-27 15:36:05.433  WARN [mall-server,,,] 15208 --- [main] c.n.c.sources.URLConfigurationSource     : No URLs will be polled as dynamic configuration sources.
2020-02-27 15:36:05.434  INFO [mall-server,,,] 15208 --- [main] c.n.c.sources.URLConfigurationSource     : To enable URLs as dynamic configuration sources, define System property archaius.configurationSource.additionalUrls or make config.properties available on classpath.
2020-02-27 15:36:05.443  WARN [mall-server,,,] 15208 --- [main] c.n.c.sources.URLConfigurationSource     : No URLs will be polled as dynamic configuration sources.
2020-02-27 15:36:05.443  INFO [mall-server,,,] 15208 --- [main] c.n.c.sources.URLConfigurationSource     : To enable URLs as dynamic configuration sources, define System property archaius.configurationSource.additionalUrls or make config.properties available on classpath.
2020-02-27 15:36:06.376  INFO [mall-server,,,] 15208 --- [main] o.s.s.concurrent.ThreadPoolTaskExecutor  : Initializing ExecutorService 'applicationTaskExecutor'
2020-02-27 15:36:10.531  INFO [mall-server,,,] 15208 --- [main] o.s.s.c.ThreadPoolTaskScheduler          : Initializing ExecutorService 'catalogWatchTaskScheduler'
2020-02-27 15:36:10.749  INFO [mall-server,,,] 15208 --- [main] o.s.b.a.e.web.EndpointLinksResolver      : Exposing 22 endpoint(s) beneath base path '/actuator'
2020-02-27 15:36:10.944  INFO [mall-server,,,] 15208 --- [main] com.lxjy.mall.MallSpringApplicationTest  : Started MallSpringApplicationTest in 16.087 seconds (JVM running for 17.338)
2020-02-27 15:36:11.291 DEBUG [mall-server,,,] 15208 --- [main] c.l.m.mapper.CsmdBrandMapper.selectPage  : ==>  Preparing: SELECT COUNT(1) FROM ( SELECT id,name,desc,pic_url,sort_order,floor_price,add_time,update_time,share_url,admin_id,deleted,commpany,auto_update_good,shop_url,default_category_id,default_pages,add_precent FROM csmd_brand WHERE deleted=0 AND (deleted = ?) ) TOTAL 
2020-02-27 15:36:11.298 DEBUG [mall-server,,,] 15208 --- [main] c.l.m.mapper.CsmdBrandMapper.selectPage  : ==> Parameters: false(Boolean)
2020-02-27 15:36:11.351  INFO [mall-server,,,] 15208 --- [Thread-6] o.s.s.c.ThreadPoolTaskScheduler          : Shutting down ExecutorService 'catalogWatchTaskScheduler'
2020-02-27 15:36:12.224  WARN [mall-server,,,] 15208 --- [AsyncReporter{org.springframework.cloud.sleuth.zipkin2.sender.RestTemplateSender@7acf07b2}] s.c.a.AnnotationConfigApplicationContext : Exception encountered during context initialization - cancelling refresh attempt: org.springframework.beans.factory.UnsatisfiedDependencyException: Error creating bean with name 'httpClient' defined in org.springframework.cloud.netflix.ribbon.apache.HttpClientRibbonConfiguration$ApacheHttpClientConfiguration: Unsatisfied dependency expressed through method 'httpClient' parameter 0; nested exception is org.springframework.beans.factory.BeanCreationNotAllowedException: Error creating bean with name 'apacheHttpClientFactory': Singleton bean creation not allowed while singletons of this factory are in destruction (Do not request a bean from a BeanFactory in a destroy method implementation!)
2020-02-27 15:36:12.233  INFO [mall-server,,,] 15208 --- [Thread-6] o.s.s.concurrent.ThreadPoolTaskExecutor  : Shutting down ExecutorService 'applicationTaskExecutor'
2020-02-27 15:36:12.265  INFO [mall-server,,,] 15208 --- [Thread-6] com.alibaba.druid.pool.DruidDataSource   : {dataSource-1} closing ...
2020-02-27 15:36:12.270  INFO [mall-server,,,] 15208 --- [Thread-6] com.alibaba.druid.pool.DruidDataSource   : {dataSource-1} closed
2020-02-27 15:43:39.843  INFO [mall-server,,,] 8876 --- [main] com.lxjy.mall.MallSpringApplicationTest  : The following profiles are active: druid,mybatisplus,consul
2020-02-27 15:43:41.051  WARN [mall-server,,,] 8876 --- [main] o.s.boot.actuate.endpoint.EndpointId     : Endpoint ID 'service-registry' contains invalid characters, please migrate to a valid format.
2020-02-27 15:43:41.179  WARN [mall-server,,,] 8876 --- [main] o.s.boot.actuate.endpoint.EndpointId     : Endpoint ID 'hystrix.stream' contains invalid characters, please migrate to a valid format.
2020-02-27 15:43:41.601  INFO [mall-server,,,] 8876 --- [main] o.s.cloud.context.scope.GenericScope     : BeanFactory id=7e67f83f-f34e-334b-995c-979ec80f8f54
2020-02-27 15:43:42.102  INFO [mall-server,,,] 8876 --- [main] trationDelegate$BeanPostProcessorChecker : Bean 'org.springframework.transaction.annotation.ProxyTransactionManagementConfiguration' of type [org.springframework.transaction.annotation.ProxyTransactionManagementConfiguration$$EnhancerBySpringCGLIB$$913b26ab] is not eligible for getting processed by all BeanPostProcessors (for example: not eligible for auto-proxying)
2020-02-27 15:43:42.177  INFO [mall-server,,,] 8876 --- [main] trationDelegate$BeanPostProcessorChecker : Bean 'org.springframework.cloud.autoconfigure.ConfigurationPropertiesRebinderAutoConfiguration' of type [org.springframework.cloud.autoconfigure.ConfigurationPropertiesRebinderAutoConfiguration$$EnhancerBySpringCGLIB$$ad5529a8] is not eligible for getting processed by all BeanPostProcessors (for example: not eligible for auto-proxying)
2020-02-27 15:43:42.435  INFO [mall-server,,,] 8876 --- [main] c.a.d.s.b.a.DruidDataSourceAutoConfigure : Init DruidDataSource
2020-02-27 15:43:42.781  WARN [mall-server,,,] 8876 --- [main] com.alibaba.druid.pool.DruidDataSource   : removeAbandoned is true, not use in production.
2020-02-27 15:43:42.988  INFO [mall-server,,,] 8876 --- [main] com.alibaba.druid.pool.DruidDataSource   : {dataSource-1} inited
2020-02-27 15:43:46.478 DEBUG [mall-server,,,] 8876 --- [main] c.l.m.m.CsmdSystemMapper.selectList      : ==>  Preparing: SELECT id,key_name,key_value,add_time,update_time,deleted FROM csmd_system WHERE deleted=0 
2020-02-27 15:43:46.658 DEBUG [mall-server,,,] 8876 --- [main] c.l.m.m.CsmdSystemMapper.selectList      : ==> Parameters: 
2020-02-27 15:43:46.695 DEBUG [mall-server,,,] 8876 --- [main] c.l.m.m.CsmdSystemMapper.selectList      : <==      Total: 15
2020-02-27 15:43:47.429  WARN [mall-server,,,] 8876 --- [main] c.n.c.sources.URLConfigurationSource     : No URLs will be polled as dynamic configuration sources.
2020-02-27 15:43:47.429  INFO [mall-server,,,] 8876 --- [main] c.n.c.sources.URLConfigurationSource     : To enable URLs as dynamic configuration sources, define System property archaius.configurationSource.additionalUrls or make config.properties available on classpath.
2020-02-27 15:43:47.439  WARN [mall-server,,,] 8876 --- [main] c.n.c.sources.URLConfigurationSource     : No URLs will be polled as dynamic configuration sources.
2020-02-27 15:43:47.440  INFO [mall-server,,,] 8876 --- [main] c.n.c.sources.URLConfigurationSource     : To enable URLs as dynamic configuration sources, define System property archaius.configurationSource.additionalUrls or make config.properties available on classpath.
2020-02-27 15:43:48.344  INFO [mall-server,,,] 8876 --- [main] o.s.s.concurrent.ThreadPoolTaskExecutor  : Initializing ExecutorService 'applicationTaskExecutor'
2020-02-27 15:43:52.436  INFO [mall-server,,,] 8876 --- [main] o.s.s.c.ThreadPoolTaskScheduler          : Initializing ExecutorService 'catalogWatchTaskScheduler'
2020-02-27 15:43:52.639  INFO [mall-server,,,] 8876 --- [main] o.s.b.a.e.web.EndpointLinksResolver      : Exposing 22 endpoint(s) beneath base path '/actuator'
2020-02-27 15:43:52.811  INFO [mall-server,,,] 8876 --- [main] com.lxjy.mall.MallSpringApplicationTest  : Started MallSpringApplicationTest in 14.936 seconds (JVM running for 16.017)
2020-02-27 15:43:53.079 DEBUG [mall-server,,,] 8876 --- [main] c.l.m.mapper.CsmdBrandMapper.selectPage  : ==>  Preparing: SELECT COUNT(1) FROM ( SELECT id,name,desc,pic_url,sort_order,floor_price,add_time,update_time,share_url,admin_id,deleted,commpany,auto_update_good,shop_url,default_category_id,default_pages,add_precent FROM csmd_brand WHERE deleted=0 AND (deleted = ?) ) TOTAL 
2020-02-27 15:43:53.085 DEBUG [mall-server,,,] 8876 --- [main] c.l.m.mapper.CsmdBrandMapper.selectPage  : ==> Parameters: false(Boolean)
2020-02-27 15:43:53.150  INFO [mall-server,,,] 8876 --- [Thread-6] o.s.s.c.ThreadPoolTaskScheduler          : Shutting down ExecutorService 'catalogWatchTaskScheduler'
2020-02-27 15:43:54.127  WARN [mall-server,,,] 8876 --- [AsyncReporter{org.springframework.cloud.sleuth.zipkin2.sender.RestTemplateSender@476dc0af}] s.c.a.AnnotationConfigApplicationContext : Exception encountered during context initialization - cancelling refresh attempt: org.springframework.beans.factory.UnsatisfiedDependencyException: Error creating bean with name 'httpClient' defined in org.springframework.cloud.netflix.ribbon.apache.HttpClientRibbonConfiguration$ApacheHttpClientConfiguration: Unsatisfied dependency expressed through method 'httpClient' parameter 0; nested exception is org.springframework.beans.factory.BeanCreationNotAllowedException: Error creating bean with name 'apacheHttpClientFactory': Singleton bean creation not allowed while singletons of this factory are in destruction (Do not request a bean from a BeanFactory in a destroy method implementation!)
2020-02-27 15:43:54.131  INFO [mall-server,,,] 8876 --- [Thread-6] o.s.s.concurrent.ThreadPoolTaskExecutor  : Shutting down ExecutorService 'applicationTaskExecutor'
2020-02-27 15:43:54.154  INFO [mall-server,,,] 8876 --- [Thread-6] com.alibaba.druid.pool.DruidDataSource   : {dataSource-1} closing ...
2020-02-27 15:43:54.159  INFO [mall-server,,,] 8876 --- [Thread-6] com.alibaba.druid.pool.DruidDataSource   : {dataSource-1} closed
2020-02-27 15:46:02.865  INFO [mall-server,,,] 18116 --- [main] com.lxjy.mall.MallSpringApplicationTest  : The following profiles are active: druid,mybatisplus,consul
2020-02-27 15:46:04.525  WARN [mall-server,,,] 18116 --- [main] o.s.boot.actuate.endpoint.EndpointId     : Endpoint ID 'service-registry' contains invalid characters, please migrate to a valid format.
2020-02-27 15:46:04.657  WARN [mall-server,,,] 18116 --- [main] o.s.boot.actuate.endpoint.EndpointId     : Endpoint ID 'hystrix.stream' contains invalid characters, please migrate to a valid format.
2020-02-27 15:46:05.270  INFO [mall-server,,,] 18116 --- [main] o.s.cloud.context.scope.GenericScope     : BeanFactory id=7e67f83f-f34e-334b-995c-979ec80f8f54
2020-02-27 15:46:05.864  INFO [mall-server,,,] 18116 --- [main] trationDelegate$BeanPostProcessorChecker : Bean 'org.springframework.transaction.annotation.ProxyTransactionManagementConfiguration' of type [org.springframework.transaction.annotation.ProxyTransactionManagementConfiguration$$EnhancerBySpringCGLIB$$e428de29] is not eligible for getting processed by all BeanPostProcessors (for example: not eligible for auto-proxying)
2020-02-27 15:46:05.935  INFO [mall-server,,,] 18116 --- [main] trationDelegate$BeanPostProcessorChecker : Bean 'org.springframework.cloud.autoconfigure.ConfigurationPropertiesRebinderAutoConfiguration' of type [org.springframework.cloud.autoconfigure.ConfigurationPropertiesRebinderAutoConfiguration$$EnhancerBySpringCGLIB$$42e126] is not eligible for getting processed by all BeanPostProcessors (for example: not eligible for auto-proxying)
2020-02-27 15:46:06.175  INFO [mall-server,,,] 18116 --- [main] c.a.d.s.b.a.DruidDataSourceAutoConfigure : Init DruidDataSource
2020-02-27 15:46:06.562  WARN [mall-server,,,] 18116 --- [main] com.alibaba.druid.pool.DruidDataSource   : removeAbandoned is true, not use in production.
2020-02-27 15:46:06.805  INFO [mall-server,,,] 18116 --- [main] com.alibaba.druid.pool.DruidDataSource   : {dataSource-1} inited
2020-02-27 15:46:10.532 DEBUG [mall-server,,,] 18116 --- [main] c.l.m.m.CsmdSystemMapper.selectList      : ==>  Preparing: SELECT id,key_name,key_value,add_time,update_time,deleted FROM csmd_system WHERE deleted=0 
2020-02-27 15:46:10.747 DEBUG [mall-server,,,] 18116 --- [main] c.l.m.m.CsmdSystemMapper.selectList      : ==> Parameters: 
2020-02-27 15:46:10.785 DEBUG [mall-server,,,] 18116 --- [main] c.l.m.m.CsmdSystemMapper.selectList      : <==      Total: 15
2020-02-27 15:46:11.540  WARN [mall-server,,,] 18116 --- [main] c.n.c.sources.URLConfigurationSource     : No URLs will be polled as dynamic configuration sources.
2020-02-27 15:46:11.540  INFO [mall-server,,,] 18116 --- [main] c.n.c.sources.URLConfigurationSource     : To enable URLs as dynamic configuration sources, define System property archaius.configurationSource.additionalUrls or make config.properties available on classpath.
2020-02-27 15:46:11.549  WARN [mall-server,,,] 18116 --- [main] c.n.c.sources.URLConfigurationSource     : No URLs will be polled as dynamic configuration sources.
2020-02-27 15:46:11.550  INFO [mall-server,,,] 18116 --- [main] c.n.c.sources.URLConfigurationSource     : To enable URLs as dynamic configuration sources, define System property archaius.configurationSource.additionalUrls or make config.properties available on classpath.
2020-02-27 15:46:12.571  INFO [mall-server,,,] 18116 --- [main] o.s.s.concurrent.ThreadPoolTaskExecutor  : Initializing ExecutorService 'applicationTaskExecutor'
2020-02-27 15:46:16.675  INFO [mall-server,,,] 18116 --- [main] o.s.s.c.ThreadPoolTaskScheduler          : Initializing ExecutorService 'catalogWatchTaskScheduler'
2020-02-27 15:46:16.891  INFO [mall-server,,,] 18116 --- [main] o.s.b.a.e.web.EndpointLinksResolver      : Exposing 22 endpoint(s) beneath base path '/actuator'
2020-02-27 15:46:17.091  INFO [mall-server,,,] 18116 --- [main] com.lxjy.mall.MallSpringApplicationTest  : Started MallSpringApplicationTest in 15.569 seconds (JVM running for 16.987)
2020-02-27 15:46:17.394 DEBUG [mall-server,,,] 18116 --- [main] c.l.m.mapper.CsmdBrandMapper.selectPage  : ==>  Preparing: SELECT COUNT(1) FROM csmd_brand WHERE deleted = 0 AND (deleted = ?) 
2020-02-27 15:46:17.397 DEBUG [mall-server,,,] 18116 --- [main] c.l.m.mapper.CsmdBrandMapper.selectPage  : ==> Parameters: 0(Integer)
2020-02-27 15:46:17.411 DEBUG [mall-server,,,] 18116 --- [main] c.l.m.mapper.CsmdBrandMapper.selectPage  : ==>  Preparing: SELECT id,name,describe,pic_url,sort_order,floor_price,add_time,update_time,share_url,admin_id,deleted,commpany,auto_update_good,shop_url,default_category_id,default_pages,add_precent FROM csmd_brand WHERE deleted=0 AND (deleted = ?) LIMIT ?,? 
2020-02-27 15:46:17.425 DEBUG [mall-server,,,] 18116 --- [main] c.l.m.mapper.CsmdBrandMapper.selectPage  : ==> Parameters: 0(Integer), 0(Long), 1(Long)
2020-02-27 15:46:17.504  INFO [mall-server,,,] 18116 --- [Thread-6] o.s.s.c.ThreadPoolTaskScheduler          : Shutting down ExecutorService 'catalogWatchTaskScheduler'
2020-02-27 15:46:18.431  WARN [mall-server,,,] 18116 --- [AsyncReporter{org.springframework.cloud.sleuth.zipkin2.sender.RestTemplateSender@476dc0af}] s.c.a.AnnotationConfigApplicationContext : Exception encountered during context initialization - cancelling refresh attempt: org.springframework.beans.factory.UnsatisfiedDependencyException: Error creating bean with name 'httpClient' defined in org.springframework.cloud.netflix.ribbon.apache.HttpClientRibbonConfiguration$ApacheHttpClientConfiguration: Unsatisfied dependency expressed through method 'httpClient' parameter 0; nested exception is org.springframework.beans.factory.BeanCreationNotAllowedException: Error creating bean with name 'apacheHttpClientFactory': Singleton bean creation not allowed while singletons of this factory are in destruction (Do not request a bean from a BeanFactory in a destroy method implementation!)
2020-02-27 15:46:18.436  INFO [mall-server,,,] 18116 --- [Thread-6] o.s.s.concurrent.ThreadPoolTaskExecutor  : Shutting down ExecutorService 'applicationTaskExecutor'
2020-02-27 15:46:18.458  INFO [mall-server,,,] 18116 --- [Thread-6] com.alibaba.druid.pool.DruidDataSource   : {dataSource-1} closing ...
2020-02-27 15:46:18.462  INFO [mall-server,,,] 18116 --- [Thread-6] com.alibaba.druid.pool.DruidDataSource   : {dataSource-1} closed
2020-02-27 15:55:51.509  INFO [mall-server,,,] 2980 --- [main] com.lxjy.mall.MallSpringApplicationTest  : The following profiles are active: druid,mybatisplus,consul
2020-02-27 15:55:52.625  WARN [mall-server,,,] 2980 --- [main] o.s.boot.actuate.endpoint.EndpointId     : Endpoint ID 'service-registry' contains invalid characters, please migrate to a valid format.
2020-02-27 15:55:52.733  WARN [mall-server,,,] 2980 --- [main] o.s.boot.actuate.endpoint.EndpointId     : Endpoint ID 'hystrix.stream' contains invalid characters, please migrate to a valid format.
2020-02-27 15:55:53.179  INFO [mall-server,,,] 2980 --- [main] o.s.cloud.context.scope.GenericScope     : BeanFactory id=7e67f83f-f34e-334b-995c-979ec80f8f54
2020-02-27 15:55:53.803  INFO [mall-server,,,] 2980 --- [main] trationDelegate$BeanPostProcessorChecker : Bean 'org.springframework.transaction.annotation.ProxyTransactionManagementConfiguration' of type [org.springframework.transaction.annotation.ProxyTransactionManagementConfiguration$$EnhancerBySpringCGLIB$$df9eb376] is not eligible for getting processed by all BeanPostProcessors (for example: not eligible for auto-proxying)
2020-02-27 15:55:53.865  INFO [mall-server,,,] 2980 --- [main] trationDelegate$BeanPostProcessorChecker : Bean 'org.springframework.cloud.autoconfigure.ConfigurationPropertiesRebinderAutoConfiguration' of type [org.springframework.cloud.autoconfigure.ConfigurationPropertiesRebinderAutoConfiguration$$EnhancerBySpringCGLIB$$fbb8b673] is not eligible for getting processed by all BeanPostProcessors (for example: not eligible for auto-proxying)
2020-02-27 15:55:54.064  INFO [mall-server,,,] 2980 --- [main] c.a.d.s.b.a.DruidDataSourceAutoConfigure : Init DruidDataSource
2020-02-27 15:55:54.385  WARN [mall-server,,,] 2980 --- [main] com.alibaba.druid.pool.DruidDataSource   : removeAbandoned is true, not use in production.
2020-02-27 15:55:54.597  INFO [mall-server,,,] 2980 --- [main] com.alibaba.druid.pool.DruidDataSource   : {dataSource-1} inited
2020-02-27 15:55:57.695 DEBUG [mall-server,,,] 2980 --- [main] c.l.m.m.CsmdSystemMapper.selectList      : ==>  Preparing: SELECT id,key_name,key_value,add_time,update_time,deleted FROM csmd_system WHERE deleted=0 
2020-02-27 15:55:57.897 DEBUG [mall-server,,,] 2980 --- [main] c.l.m.m.CsmdSystemMapper.selectList      : ==> Parameters: 
2020-02-27 15:55:57.937 DEBUG [mall-server,,,] 2980 --- [main] c.l.m.m.CsmdSystemMapper.selectList      : <==      Total: 15
2020-02-27 15:55:58.386  WARN [mall-server,,,] 2980 --- [main] c.n.c.sources.URLConfigurationSource     : No URLs will be polled as dynamic configuration sources.
2020-02-27 15:55:58.386  INFO [mall-server,,,] 2980 --- [main] c.n.c.sources.URLConfigurationSource     : To enable URLs as dynamic configuration sources, define System property archaius.configurationSource.additionalUrls or make config.properties available on classpath.
2020-02-27 15:55:58.393  WARN [mall-server,,,] 2980 --- [main] c.n.c.sources.URLConfigurationSource     : No URLs will be polled as dynamic configuration sources.
2020-02-27 15:55:58.394  INFO [mall-server,,,] 2980 --- [main] c.n.c.sources.URLConfigurationSource     : To enable URLs as dynamic configuration sources, define System property archaius.configurationSource.additionalUrls or make config.properties available on classpath.
2020-02-27 15:55:59.498  INFO [mall-server,,,] 2980 --- [main] o.s.s.concurrent.ThreadPoolTaskExecutor  : Initializing ExecutorService 'applicationTaskExecutor'
2020-02-27 15:56:02.892  INFO [mall-server,,,] 2980 --- [main] o.s.s.c.ThreadPoolTaskScheduler          : Initializing ExecutorService 'catalogWatchTaskScheduler'
2020-02-27 15:56:03.097  INFO [mall-server,,,] 2980 --- [main] o.s.b.a.e.web.EndpointLinksResolver      : Exposing 22 endpoint(s) beneath base path '/actuator'
2020-02-27 15:56:03.256  INFO [mall-server,,,] 2980 --- [main] com.lxjy.mall.MallSpringApplicationTest  : Started MallSpringApplicationTest in 13.071 seconds (JVM running for 14.001)
2020-02-27 15:56:03.529 DEBUG [mall-server,,,] 2980 --- [main] c.l.m.m.CsmdAddressMapper.selectPage     : ==>  Preparing: SELECT COUNT(1) FROM csmd_address WHERE deleted = 0 
2020-02-27 15:56:03.531 DEBUG [mall-server,,,] 2980 --- [main] c.l.m.m.CsmdAddressMapper.selectPage     : ==> Parameters: 
2020-02-27 15:56:03.543 DEBUG [mall-server,,,] 2980 --- [main] c.l.m.m.CsmdAddressMapper.selectPage     : ==>  Preparing: SELECT id,name,user_id,province_id,city_id,area_id,address,mobile,is_default,add_time,update_time,deleted FROM csmd_address WHERE deleted=0 LIMIT ?,? 
2020-02-27 15:56:03.546 DEBUG [mall-server,,,] 2980 --- [main] c.l.m.m.CsmdAddressMapper.selectPage     : ==> Parameters: 0(Long), 1(Long)
2020-02-27 15:56:03.549 DEBUG [mall-server,,,] 2980 --- [main] c.l.m.m.CsmdAddressMapper.selectPage     : <==      Total: 1
2020-02-27 15:56:03.659  INFO [mall-server,,,] 2980 --- [Thread-6] o.s.s.c.ThreadPoolTaskScheduler          : Shutting down ExecutorService 'catalogWatchTaskScheduler'
2020-02-27 15:56:04.659  WARN [mall-server,,,] 2980 --- [AsyncReporter{org.springframework.cloud.sleuth.zipkin2.sender.RestTemplateSender@3c116f26}] s.c.a.AnnotationConfigApplicationContext : Exception encountered during context initialization - cancelling refresh attempt: org.springframework.beans.factory.UnsatisfiedDependencyException: Error creating bean with name 'httpClient' defined in org.springframework.cloud.netflix.ribbon.apache.HttpClientRibbonConfiguration$ApacheHttpClientConfiguration: Unsatisfied dependency expressed through method 'httpClient' parameter 0; nested exception is org.springframework.beans.factory.BeanCreationNotAllowedException: Error creating bean with name 'apacheHttpClientFactory': Singleton bean creation not allowed while singletons of this factory are in destruction (Do not request a bean from a BeanFactory in a destroy method implementation!)
2020-02-27 15:56:04.664  INFO [mall-server,,,] 2980 --- [Thread-6] o.s.s.concurrent.ThreadPoolTaskExecutor  : Shutting down ExecutorService 'applicationTaskExecutor'
2020-02-27 15:56:04.686  INFO [mall-server,,,] 2980 --- [Thread-6] com.alibaba.druid.pool.DruidDataSource   : {dataSource-1} closing ...
2020-02-27 15:56:04.691  INFO [mall-server,,,] 2980 --- [Thread-6] com.alibaba.druid.pool.DruidDataSource   : {dataSource-1} closed
2020-02-27 15:59:45.684  INFO [mall-server,,,] 14100 --- [main] com.lxjy.mall.MallSpringApplicationTest  : The following profiles are active: druid,mybatisplus,consul
2020-02-27 15:59:46.876  WARN [mall-server,,,] 14100 --- [main] o.s.boot.actuate.endpoint.EndpointId     : Endpoint ID 'service-registry' contains invalid characters, please migrate to a valid format.
2020-02-27 15:59:46.979  WARN [mall-server,,,] 14100 --- [main] o.s.boot.actuate.endpoint.EndpointId     : Endpoint ID 'hystrix.stream' contains invalid characters, please migrate to a valid format.
2020-02-27 15:59:47.400  INFO [mall-server,,,] 14100 --- [main] o.s.cloud.context.scope.GenericScope     : BeanFactory id=7e67f83f-f34e-334b-995c-979ec80f8f54
2020-02-27 15:59:47.905  INFO [mall-server,,,] 14100 --- [main] trationDelegate$BeanPostProcessorChecker : Bean 'org.springframework.transaction.annotation.ProxyTransactionManagementConfiguration' of type [org.springframework.transaction.annotation.ProxyTransactionManagementConfiguration$$EnhancerBySpringCGLIB$$22823114] is not eligible for getting processed by all BeanPostProcessors (for example: not eligible for auto-proxying)
2020-02-27 15:59:47.990  INFO [mall-server,,,] 14100 --- [main] trationDelegate$BeanPostProcessorChecker : Bean 'org.springframework.cloud.autoconfigure.ConfigurationPropertiesRebinderAutoConfiguration' of type [org.springframework.cloud.autoconfigure.ConfigurationPropertiesRebinderAutoConfiguration$$EnhancerBySpringCGLIB$$3e9c3411] is not eligible for getting processed by all BeanPostProcessors (for example: not eligible for auto-proxying)
2020-02-27 15:59:48.218  INFO [mall-server,,,] 14100 --- [main] c.a.d.s.b.a.DruidDataSourceAutoConfigure : Init DruidDataSource
2020-02-27 15:59:48.551  WARN [mall-server,,,] 14100 --- [main] com.alibaba.druid.pool.DruidDataSource   : removeAbandoned is true, not use in production.
2020-02-27 15:59:48.741  INFO [mall-server,,,] 14100 --- [main] com.alibaba.druid.pool.DruidDataSource   : {dataSource-1} inited
2020-02-27 15:59:52.036 DEBUG [mall-server,,,] 14100 --- [main] c.l.m.m.CsmdSystemMapper.selectList      : ==>  Preparing: SELECT id,key_name,key_value,add_time,update_time,deleted FROM csmd_system WHERE deleted=0 
2020-02-27 15:59:52.228 DEBUG [mall-server,,,] 14100 --- [main] c.l.m.m.CsmdSystemMapper.selectList      : ==> Parameters: 
2020-02-27 15:59:52.271 DEBUG [mall-server,,,] 14100 --- [main] c.l.m.m.CsmdSystemMapper.selectList      : <==      Total: 15
2020-02-27 15:59:52.988  WARN [mall-server,,,] 14100 --- [main] c.n.c.sources.URLConfigurationSource     : No URLs will be polled as dynamic configuration sources.
2020-02-27 15:59:52.988  INFO [mall-server,,,] 14100 --- [main] c.n.c.sources.URLConfigurationSource     : To enable URLs as dynamic configuration sources, define System property archaius.configurationSource.additionalUrls or make config.properties available on classpath.
2020-02-27 15:59:52.996  WARN [mall-server,,,] 14100 --- [main] c.n.c.sources.URLConfigurationSource     : No URLs will be polled as dynamic configuration sources.
2020-02-27 15:59:52.996  INFO [mall-server,,,] 14100 --- [main] c.n.c.sources.URLConfigurationSource     : To enable URLs as dynamic configuration sources, define System property archaius.configurationSource.additionalUrls or make config.properties available on classpath.
2020-02-27 15:59:53.866  INFO [mall-server,,,] 14100 --- [main] o.s.s.concurrent.ThreadPoolTaskExecutor  : Initializing ExecutorService 'applicationTaskExecutor'
2020-02-27 15:59:57.825  INFO [mall-server,,,] 14100 --- [main] o.s.s.c.ThreadPoolTaskScheduler          : Initializing ExecutorService 'catalogWatchTaskScheduler'
2020-02-27 15:59:58.012  INFO [mall-server,,,] 14100 --- [main] o.s.b.a.e.web.EndpointLinksResolver      : Exposing 22 endpoint(s) beneath base path '/actuator'
2020-02-27 15:59:58.195  INFO [mall-server,,,] 14100 --- [main] com.lxjy.mall.MallSpringApplicationTest  : Started MallSpringApplicationTest in 13.915 seconds (JVM running for 15.2)
2020-02-27 15:59:58.468 DEBUG [mall-server,,,] 14100 --- [main] c.l.m.mapper.CsmdBrandMapper.selectPage  : ==>  Preparing: SELECT COUNT(1) FROM csmd_brand WHERE deleted = 0 
2020-02-27 15:59:58.470 DEBUG [mall-server,,,] 14100 --- [main] c.l.m.mapper.CsmdBrandMapper.selectPage  : ==> Parameters: 
2020-02-27 15:59:58.480 DEBUG [mall-server,,,] 14100 --- [main] c.l.m.mapper.CsmdBrandMapper.selectPage  : ==>  Preparing: SELECT id,name,describe,pic_url,sort_order,floor_price,add_time,update_time,share_url,admin_id,deleted,commpany,auto_update_good,shop_url,default_category_id,default_pages,add_precent FROM csmd_brand WHERE deleted=0 LIMIT ?,? 
2020-02-27 15:59:58.483 DEBUG [mall-server,,,] 14100 --- [main] c.l.m.mapper.CsmdBrandMapper.selectPage  : ==> Parameters: 0(Long), 10(Long)
2020-02-27 15:59:58.592  INFO [mall-server,,,] 14100 --- [Thread-6] o.s.s.c.ThreadPoolTaskScheduler          : Shutting down ExecutorService 'catalogWatchTaskScheduler'
2020-02-27 15:59:59.597  INFO [mall-server,,,] 14100 --- [Thread-6] o.s.s.concurrent.ThreadPoolTaskExecutor  : Shutting down ExecutorService 'applicationTaskExecutor'
2020-02-27 15:59:59.618  WARN [mall-server,,,] 14100 --- [AsyncReporter{org.springframework.cloud.sleuth.zipkin2.sender.RestTemplateSender@77e261e3}] c.n.c.sources.URLConfigurationSource     : No URLs will be polled as dynamic configuration sources.
2020-02-27 15:59:59.618  INFO [mall-server,,,] 14100 --- [AsyncReporter{org.springframework.cloud.sleuth.zipkin2.sender.RestTemplateSender@77e261e3}] c.n.c.sources.URLConfigurationSource     : To enable URLs as dynamic configuration sources, define System property archaius.configurationSource.additionalUrls or make config.properties available on classpath.
2020-02-27 15:59:59.619  INFO [mall-server,,,] 14100 --- [AsyncReporter{org.springframework.cloud.sleuth.zipkin2.sender.RestTemplateSender@77e261e3}] c.netflix.config.DynamicPropertyFactory  : DynamicPropertyFactory is initialized with configuration sources: com.netflix.config.ConcurrentCompositeConfiguration@2cc58628
2020-02-27 15:59:59.622  INFO [mall-server,,,] 14100 --- [Thread-6] com.alibaba.druid.pool.DruidDataSource   : {dataSource-1} closing ...
2020-02-27 15:59:59.629  INFO [mall-server,,,] 14100 --- [Thread-6] com.alibaba.druid.pool.DruidDataSource   : {dataSource-1} closed
2020-02-27 16:04:22.560  INFO [mall-server,,,] 8488 --- [main] com.lxjy.mall.MallSpringApplicationTest  : The following profiles are active: druid,mybatisplus,consul
2020-02-27 16:04:23.827  WARN [mall-server,,,] 8488 --- [main] o.s.boot.actuate.endpoint.EndpointId     : Endpoint ID 'service-registry' contains invalid characters, please migrate to a valid format.
2020-02-27 16:04:23.923  WARN [mall-server,,,] 8488 --- [main] o.s.boot.actuate.endpoint.EndpointId     : Endpoint ID 'hystrix.stream' contains invalid characters, please migrate to a valid format.
2020-02-27 16:04:24.351  INFO [mall-server,,,] 8488 --- [main] o.s.cloud.context.scope.GenericScope     : BeanFactory id=7e67f83f-f34e-334b-995c-979ec80f8f54
2020-02-27 16:04:24.836  INFO [mall-server,,,] 8488 --- [main] trationDelegate$BeanPostProcessorChecker : Bean 'org.springframework.transaction.annotation.ProxyTransactionManagementConfiguration' of type [org.springframework.transaction.annotation.ProxyTransactionManagementConfiguration$$EnhancerBySpringCGLIB$$f7ddd8cc] is not eligible for getting processed by all BeanPostProcessors (for example: not eligible for auto-proxying)
2020-02-27 16:04:24.907  INFO [mall-server,,,] 8488 --- [main] trationDelegate$BeanPostProcessorChecker : Bean 'org.springframework.cloud.autoconfigure.ConfigurationPropertiesRebinderAutoConfiguration' of type [org.springframework.cloud.autoconfigure.ConfigurationPropertiesRebinderAutoConfiguration$$EnhancerBySpringCGLIB$$13f7dbc9] is not eligible for getting processed by all BeanPostProcessors (for example: not eligible for auto-proxying)
2020-02-27 16:04:25.143  INFO [mall-server,,,] 8488 --- [main] c.a.d.s.b.a.DruidDataSourceAutoConfigure : Init DruidDataSource
2020-02-27 16:04:25.461  WARN [mall-server,,,] 8488 --- [main] com.alibaba.druid.pool.DruidDataSource   : removeAbandoned is true, not use in production.
2020-02-27 16:04:25.676  INFO [mall-server,,,] 8488 --- [main] com.alibaba.druid.pool.DruidDataSource   : {dataSource-1} inited
2020-02-27 16:04:29.103 DEBUG [mall-server,,,] 8488 --- [main] c.l.m.m.CsmdSystemMapper.selectList      : ==>  Preparing: SELECT id,key_name,key_value,add_time,update_time,deleted FROM csmd_system WHERE deleted=0 
2020-02-27 16:04:29.277 DEBUG [mall-server,,,] 8488 --- [main] c.l.m.m.CsmdSystemMapper.selectList      : ==> Parameters: 
2020-02-27 16:04:29.315 DEBUG [mall-server,,,] 8488 --- [main] c.l.m.m.CsmdSystemMapper.selectList      : <==      Total: 15
2020-02-27 16:04:30.042  WARN [mall-server,,,] 8488 --- [main] c.n.c.sources.URLConfigurationSource     : No URLs will be polled as dynamic configuration sources.
2020-02-27 16:04:30.043  INFO [mall-server,,,] 8488 --- [main] c.n.c.sources.URLConfigurationSource     : To enable URLs as dynamic configuration sources, define System property archaius.configurationSource.additionalUrls or make config.properties available on classpath.
2020-02-27 16:04:30.053  WARN [mall-server,,,] 8488 --- [main] c.n.c.sources.URLConfigurationSource     : No URLs will be polled as dynamic configuration sources.
2020-02-27 16:04:30.053  INFO [mall-server,,,] 8488 --- [main] c.n.c.sources.URLConfigurationSource     : To enable URLs as dynamic configuration sources, define System property archaius.configurationSource.additionalUrls or make config.properties available on classpath.
2020-02-27 16:04:30.983  INFO [mall-server,,,] 8488 --- [main] o.s.s.concurrent.ThreadPoolTaskExecutor  : Initializing ExecutorService 'applicationTaskExecutor'
2020-02-27 16:04:35.016  INFO [mall-server,,,] 8488 --- [main] o.s.s.c.ThreadPoolTaskScheduler          : Initializing ExecutorService 'catalogWatchTaskScheduler'
2020-02-27 16:04:35.213  INFO [mall-server,,,] 8488 --- [main] o.s.b.a.e.web.EndpointLinksResolver      : Exposing 22 endpoint(s) beneath base path '/actuator'
2020-02-27 16:04:35.408  INFO [mall-server,,,] 8488 --- [main] com.lxjy.mall.MallSpringApplicationTest  : Started MallSpringApplicationTest in 14.057 seconds (JVM running for 15.556)
2020-02-27 16:04:35.675 DEBUG [mall-server,,,] 8488 --- [main] c.l.m.mapper.CsmdBrandMapper.selectPage  : ==>  Preparing: SELECT COUNT(1) FROM csmd_brand WHERE deleted = 0 
2020-02-27 16:04:35.677 DEBUG [mall-server,,,] 8488 --- [main] c.l.m.mapper.CsmdBrandMapper.selectPage  : ==> Parameters: 
2020-02-27 16:04:35.687 DEBUG [mall-server,,,] 8488 --- [main] c.l.m.mapper.CsmdBrandMapper.selectPage  : ==>  Preparing: SELECT id,name,descr,pic_url,sort_order,floor_price,add_time,update_time,share_url,admin_id,deleted,commpany,auto_update_good,shop_url,default_category_id,default_pages,add_precent FROM csmd_brand WHERE deleted=0 LIMIT ?,? 
2020-02-27 16:04:35.689 DEBUG [mall-server,,,] 8488 --- [main] c.l.m.mapper.CsmdBrandMapper.selectPage  : ==> Parameters: 0(Long), 10(Long)
2020-02-27 16:04:35.692 DEBUG [mall-server,,,] 8488 --- [main] c.l.m.mapper.CsmdBrandMapper.selectPage  : <==      Total: 3
2020-02-27 16:04:35.786  INFO [mall-server,,,] 8488 --- [Thread-6] o.s.s.c.ThreadPoolTaskScheduler          : Shutting down ExecutorService 'catalogWatchTaskScheduler'
2020-02-27 16:04:36.790  INFO [mall-server,,,] 8488 --- [Thread-6] o.s.s.concurrent.ThreadPoolTaskExecutor  : Shutting down ExecutorService 'applicationTaskExecutor'
2020-02-27 16:04:36.808  WARN [mall-server,,,] 8488 --- [AsyncReporter{org.springframework.cloud.sleuth.zipkin2.sender.RestTemplateSender@562ec518}] c.n.c.sources.URLConfigurationSource     : No URLs will be polled as dynamic configuration sources.
2020-02-27 16:04:36.809  INFO [mall-server,,,] 8488 --- [AsyncReporter{org.springframework.cloud.sleuth.zipkin2.sender.RestTemplateSender@562ec518}] c.n.c.sources.URLConfigurationSource     : To enable URLs as dynamic configuration sources, define System property archaius.configurationSource.additionalUrls or make config.properties available on classpath.
2020-02-27 16:04:36.809  INFO [mall-server,,,] 8488 --- [AsyncReporter{org.springframework.cloud.sleuth.zipkin2.sender.RestTemplateSender@562ec518}] c.netflix.config.DynamicPropertyFactory  : DynamicPropertyFactory is initialized with configuration sources: com.netflix.config.ConcurrentCompositeConfiguration@6b2804f2
2020-02-27 16:04:36.817  WARN [mall-server,,,] 8488 --- [AsyncReporter{org.springframework.cloud.sleuth.zipkin2.sender.RestTemplateSender@562ec518}] s.c.a.AnnotationConfigApplicationContext : Exception encountered during context initialization - cancelling refresh attempt: org.springframework.beans.factory.UnsatisfiedDependencyException: Error creating bean with name 'httpClient' defined in org.springframework.cloud.netflix.ribbon.apache.HttpClientRibbonConfiguration$ApacheHttpClientConfiguration: Unsatisfied dependency expressed through method 'httpClient' parameter 0; nested exception is org.springframework.beans.factory.BeanCreationNotAllowedException: Error creating bean with name 'apacheHttpClientFactory': Singleton bean creation not allowed while singletons of this factory are in destruction (Do not request a bean from a BeanFactory in a destroy method implementation!)
2020-02-27 16:04:36.819  INFO [mall-server,,,] 8488 --- [Thread-6] com.alibaba.druid.pool.DruidDataSource   : {dataSource-1} closing ...
2020-02-27 16:04:36.824  INFO [mall-server,,,] 8488 --- [Thread-6] com.alibaba.druid.pool.DruidDataSource   : {dataSource-1} closed
2020-02-27 16:50:29.046  INFO [mall-server,,,] 5248 --- [main] com.lxjy.mall.MallSpringApplicationTest  : The following profiles are active: druid,mybatisplus,consul
2020-02-27 16:50:30.457  WARN [mall-server,,,] 5248 --- [main] o.s.boot.actuate.endpoint.EndpointId     : Endpoint ID 'service-registry' contains invalid characters, please migrate to a valid format.
2020-02-27 16:50:30.577  WARN [mall-server,,,] 5248 --- [main] o.s.boot.actuate.endpoint.EndpointId     : Endpoint ID 'hystrix.stream' contains invalid characters, please migrate to a valid format.
2020-02-27 16:50:31.141  INFO [mall-server,,,] 5248 --- [main] o.s.cloud.context.scope.GenericScope     : BeanFactory id=762a610d-0c49-3321-b033-9ddbebf5abb6
2020-02-27 16:50:31.732  INFO [mall-server,,,] 5248 --- [main] trationDelegate$BeanPostProcessorChecker : Bean 'org.springframework.transaction.annotation.ProxyTransactionManagementConfiguration' of type [org.springframework.transaction.annotation.ProxyTransactionManagementConfiguration$$EnhancerBySpringCGLIB$$8585e1ec] is not eligible for getting processed by all BeanPostProcessors (for example: not eligible for auto-proxying)
2020-02-27 16:50:31.810  INFO [mall-server,,,] 5248 --- [main] trationDelegate$BeanPostProcessorChecker : Bean 'org.springframework.cloud.autoconfigure.ConfigurationPropertiesRebinderAutoConfiguration' of type [org.springframework.cloud.autoconfigure.ConfigurationPropertiesRebinderAutoConfiguration$$EnhancerBySpringCGLIB$$a19fe4e9] is not eligible for getting processed by all BeanPostProcessors (for example: not eligible for auto-proxying)
2020-02-27 16:50:32.088  INFO [mall-server,,,] 5248 --- [main] c.a.d.s.b.a.DruidDataSourceAutoConfigure : Init DruidDataSource
2020-02-27 16:50:32.452  WARN [mall-server,,,] 5248 --- [main] com.alibaba.druid.pool.DruidDataSource   : removeAbandoned is true, not use in production.
2020-02-27 16:50:32.690  INFO [mall-server,,,] 5248 --- [main] com.alibaba.druid.pool.DruidDataSource   : {dataSource-1} inited
2020-02-27 16:50:36.590 DEBUG [mall-server,,,] 5248 --- [main] c.l.m.m.CsmdSystemMapper.selectList      : ==>  Preparing: SELECT id,key_name,key_value,add_time,update_time,deleted FROM csmd_system WHERE deleted=0 
2020-02-27 16:50:36.778 DEBUG [mall-server,,,] 5248 --- [main] c.l.m.m.CsmdSystemMapper.selectList      : ==> Parameters: 
2020-02-27 16:50:36.813 DEBUG [mall-server,,,] 5248 --- [main] c.l.m.m.CsmdSystemMapper.selectList      : <==      Total: 15
2020-02-27 16:50:37.522  WARN [mall-server,,,] 5248 --- [main] c.n.c.sources.URLConfigurationSource     : No URLs will be polled as dynamic configuration sources.
2020-02-27 16:50:37.522  INFO [mall-server,,,] 5248 --- [main] c.n.c.sources.URLConfigurationSource     : To enable URLs as dynamic configuration sources, define System property archaius.configurationSource.additionalUrls or make config.properties available on classpath.
2020-02-27 16:50:37.531  WARN [mall-server,,,] 5248 --- [main] c.n.c.sources.URLConfigurationSource     : No URLs will be polled as dynamic configuration sources.
2020-02-27 16:50:37.531  INFO [mall-server,,,] 5248 --- [main] c.n.c.sources.URLConfigurationSource     : To enable URLs as dynamic configuration sources, define System property archaius.configurationSource.additionalUrls or make config.properties available on classpath.
2020-02-27 16:50:38.545  INFO [mall-server,,,] 5248 --- [main] o.s.s.concurrent.ThreadPoolTaskExecutor  : Initializing ExecutorService 'applicationTaskExecutor'
2020-02-27 16:50:42.655  INFO [mall-server,,,] 5248 --- [main] o.s.s.c.ThreadPoolTaskScheduler          : Initializing ExecutorService 'catalogWatchTaskScheduler'
2020-02-27 16:50:42.908  INFO [mall-server,,,] 5248 --- [main] o.s.b.a.e.web.EndpointLinksResolver      : Exposing 22 endpoint(s) beneath base path '/actuator'
2020-02-27 16:50:43.103  INFO [mall-server,,,] 5248 --- [main] com.lxjy.mall.MallSpringApplicationTest  : Started MallSpringApplicationTest in 15.592 seconds (JVM running for 16.973)
2020-02-27 16:50:43.394 DEBUG [mall-server,,,] 5248 --- [main] c.l.m.m.CsmdAddressMapper.selectPage     : ==>  Preparing: SELECT COUNT(1) FROM csmd_address WHERE deleted = 0 
2020-02-27 16:50:43.396 DEBUG [mall-server,,,] 5248 --- [main] c.l.m.m.CsmdAddressMapper.selectPage     : ==> Parameters: 
2020-02-27 16:50:43.407 DEBUG [mall-server,,,] 5248 --- [main] c.l.m.m.CsmdAddressMapper.selectPage     : ==>  Preparing: SELECT id,name,user_id,province_id,city_id,area_id,address,mobile,is_default,add_time,update_time,deleted FROM csmd_address WHERE deleted=0 LIMIT ?,? 
2020-02-27 16:50:43.410 DEBUG [mall-server,,,] 5248 --- [main] c.l.m.m.CsmdAddressMapper.selectPage     : ==> Parameters: 0(Long), 1(Long)
2020-02-27 16:50:43.413 DEBUG [mall-server,,,] 5248 --- [main] c.l.m.m.CsmdAddressMapper.selectPage     : <==      Total: 1
2020-02-27 16:50:43.524  INFO [mall-server,,,] 5248 --- [Thread-6] o.s.s.c.ThreadPoolTaskScheduler          : Shutting down ExecutorService 'catalogWatchTaskScheduler'
2020-02-27 16:50:44.374  WARN [mall-server,,,] 5248 --- [AsyncReporter{org.springframework.cloud.sleuth.zipkin2.sender.RestTemplateSender@65dafe50}] s.c.a.AnnotationConfigApplicationContext : Exception encountered during context initialization - cancelling refresh attempt: org.springframework.beans.factory.UnsatisfiedDependencyException: Error creating bean with name 'httpClient' defined in org.springframework.cloud.netflix.ribbon.apache.HttpClientRibbonConfiguration$ApacheHttpClientConfiguration: Unsatisfied dependency expressed through method 'httpClient' parameter 0; nested exception is org.springframework.beans.factory.BeanCreationNotAllowedException: Error creating bean with name 'apacheHttpClientFactory': Singleton bean creation not allowed while singletons of this factory are in destruction (Do not request a bean from a BeanFactory in a destroy method implementation!)
2020-02-27 16:50:44.378  INFO [mall-server,,,] 5248 --- [Thread-6] o.s.s.concurrent.ThreadPoolTaskExecutor  : Shutting down ExecutorService 'applicationTaskExecutor'
2020-02-27 16:50:44.402  INFO [mall-server,,,] 5248 --- [Thread-6] com.alibaba.druid.pool.DruidDataSource   : {dataSource-1} closing ...
2020-02-27 16:50:44.406  INFO [mall-server,,,] 5248 --- [Thread-6] com.alibaba.druid.pool.DruidDataSource   : {dataSource-1} closed
